<?xml version="1.0" encoding="UTF-8"?>
<!-- Generated by org.testng.reporters.JUnitXMLReporter -->
<testsuite hostname="neelam-pc" ignored="0" name="test different classes" tests="5" failures="0" timestamp="26 Apr 2020 10:56:00 GMT" time="0.095" errors="0">
  <testcase name="test1" time="0.015" classname="basicsOfTestng.TestngBasics"/>
  <testcase name="assert1" time="0.016" classname="basicsOfTestng.ValidationUsingAssert"/>
  <testcase name="test2" time="0.0" classname="basicsOfTestng.TestngBasics"/>
  <testcase name="test4" time="0.0" classname="basicsOfTestng.TestngBasics"/>
  <testcase name="test3" time="0.0" classname="basicsOfTestng.TestngBasics"/>
</testsuite> <!-- test different classes -->
